stillme_platform/mobile/android/app/build/outputs/logs/manifest-merger-debug-report.txt
-- Merging decision tree log ---
manifest
ADDED from src\main\AndroidManifest.xml:1:1-34:12
INJECTED from src\main\AndroidManifest.xml:1:1-34:12
INJECTED from src\main\AndroidManifest.xml:1:1-34:12
INJECTED from src\main\AndroidManifest.xml:1:1-34:12
MERGED from [com.facebook.flipper:flipper-network-plugin:0.125.0] AndroidManifest.xml:8:1-15:12
MERGED from [com.facebook.flipper:flipper-fresco-plugin:0.125.0] AndroidManifest.xml:8:1-15:12
MERGED from [com.facebook.flipper:flipper:0.125.0] AndroidManifest.xml:8:1-18:12
MERGED from [com.facebook.react:react-android:0.72.7] AndroidManifest.xml:2:1-7:12
MERGED from [androidx.swiperefreshlayout:swiperefreshlayout:1.0.0] AndroidManifest.xml:17:1-22:12
MERGED from [com.facebook.react:hermes-android:0.72.7] AndroidManifest.xml:2:1-7:12
MERGED from [com.facebook.fbjni:fbjni:0.3.0] AndroidManifest.xml:2:1-9:12
MERGED from [com.facebook.fresco:flipper:2.6.0] AndroidManifest.xml:2:1-9:12
MERGED from [com.facebook.fresco:stetho:2.6.0] AndroidManifest.xml:2:1-9:12
MERGED from [com.facebook.fresco:fresco:2.6.0] AndroidManifest.xml:2:1-9:12
MERGED from [com.facebook.fresco:soloader:2.6.0] AndroidManifest.xml:2:1-9:12
MERGED from [com.facebook.fresco:imagepipeline-okhttp3:2.5.0] AndroidManifest.xml:2:1-9:12
MERGED from [com.facebook.fresco:drawee:2.6.0] AndroidManifest.xml:2:1-9:12
MERGED from [com.facebook.fresco:nativeimagefilters:2.6.0] AndroidManifest.xml:2:1-9:12
MERGED from [com.facebook.fresco:memory-type-native:2.6.0] AndroidManifest.xml:2:1-9:12
MERGED from [com.facebook.fresco:memory-type-java:2.6.0] AndroidManifest.xml:2:1-9:12
MERGED from [com.facebook.fresco:imagepipeline-native:2.6.0] AndroidManifest.xml:2:1-9:12
MERGED from [com.facebook.soloader:soloader:0.10.5] AndroidManifest.xml:2:1-17:12
MERGED from [com.facebook.fresco:memory-type-ashmem:2.6.0] AndroidManifest.xml:2:1-9:12
MERGED from [com.facebook.fresco:imagepipeline:2.6.0] AndroidManifest.xml:2:1-9:12
MERGED from [com.facebook.fresco:nativeimagetranscoder:2.6.0] AndroidManifest.xml:2:1-9:12
MERGED from [com.facebook.fresco:imagepipeline-base:2.6.0] AndroidManifest.xml:2:1-9:12
MERGED from [androidx.appcompat:appcompat:1.4.1] AndroidManifest.xml:17:1-24:12
MERGED from [androidx.sqlite:sqlite-framework:2.1.0] AndroidManifest.xml:17:1-24:12
MERGED from [androidx.appcompat:appcompat-resources:1.4.1] AndroidManifest.xml:17:1-24:12
MERGED from [androidx.autofill:autofill:1.1.0] AndroidManifest.xml:17:1-24:12
MERGED from [androidx.fragment:fragment:1.3.6] AndroidManifest.xml:17:1-24:12
MERGED from [androidx.activity:activity:1.2.4] AndroidManifest.xml:17:1-24:12
MERGED from [androidx.emoji2:emoji2-views-helper:1.0.0] AndroidManifest.xml:17:1-24:12
MERGED from [androidx.emoji2:emoji2:1.0.0] AndroidManifest.xml:17:1-37:12
MERGED from [androidx.lifecycle:lifecycle-process:2.4.0] AndroidManifest.xml:17:1-37:12
MERGED from [androidx.startup:startup-runtime:1.0.0] AndroidManifest.xml:17:1-33:12
MERGED from [androidx.tracing:tracing:1.1.0] AndroidManifest.xml:17:1-24:12
MERGED from [com.facebook.fresco:middleware:2.6.0] AndroidManifest.xml:2:1-9:12
MERGED from [com.facebook.fresco:ui-common:2.6.0] AndroidManifest.xml:2:1-9:12
MERGED from [androidx.vectordrawable:vectordrawable-animated:1.1.0] AndroidManifest.xml:17:1-24:12
MERGED from [androidx.interpolator:interpolator:1.0.0] AndroidManifest.xml:17:1-22:12
MERGED from [androidx.sqlite:sqlite:2.1.0] AndroidManifest.xml:17:1-24:12
MERGED from [androidx.drawerlayout:drawerlayout:1.0.0] AndroidManifest.xml:17:1-22:12
MERGED from [androidx.vectordrawable:vectordrawable:1.1.0] AndroidManifest.xml:17:1-24:12
MERGED from [androidx.viewpager:viewpager:1.0.0] AndroidManifest.xml:17:1-22:12
MERGED from [androidx.loader:loader:1.0.0] AndroidManifest.xml:17:1-22:12
MERGED from [androidx.customview:customview:1.0.0] AndroidManifest.xml:17:1-22:12
MERGED from [androidx.core:core:1.7.0] AndroidManifest.xml:17:1-26:12
MERGED from [androidx.cursoradapter:cursoradapter:1.0.0] AndroidManifest.xml:17:1-22:12
MERGED from [androidx.lifecycle:lifecycle-viewmodel-savedstate:2.3.1] AndroidManifest.xml:17:1-24:12
MERGED from [androidx.savedstate:savedstate:1.1.0] AndroidManifest.xml:17:1-24:12
MERGED from [androidx.lifecycle:lifecycle-viewmodel:2.3.1] AndroidManifest.xml:17:1-24:12
MERGED from [androidx.versionedparcelable:versionedparcelable:1.1.1] AndroidManifest.xml:17:1-27:12
MERGED from [androidx.lifecycle:lifecycle-livedata:2.0.0] AndroidManifest.xml:17:1-22:12
MERGED from [androidx.lifecycle:lifecycle-livedata-core:2.3.1] AndroidManifest.xml:17:1-24:12
MERGED from [androidx.lifecycle:lifecycle-runtime:2.4.0] AndroidManifest.xml:17:1-24:12
MERGED from [androidx.arch.core:core-runtime:2.1.0] AndroidManifest.xml:17:1-24:12
MERGED from [com.facebook.fresco:fbcore:2.6.0] AndroidManifest.xml:2:1-9:12
MERGED from [androidx.annotation:annotation-experimental:1.1.0] AndroidManifest.xml:17:1-24:12
INJECTED from src\main\AndroidManifest.xml:1:1-34:12
INJECTED from src\main\AndroidManifest.xml:1:1-34:12
INJECTED from src\main\AndroidManifest.xml:1:1-34:12
	package
		INJECTED from src\main\AndroidManifest.xml
		ADDED from src\main\AndroidManifest.xml:1:1-34:12
		INJECTED from src\main\AndroidManifest.xml
	android:versionName
		INJECTED from src\main\AndroidManifest.xml
		ADDED from src\main\AndroidManifest.xml:1:1-34:12
		INJECTED from src\main\AndroidManifest.xml
	android:versionCode
		INJECTED from src\main\AndroidManifest.xml
		ADDED from src\main\AndroidManifest.xml:1:1-34:12
		INJECTED from src\main\AndroidManifest.xml
	xmlns:android
		ADDED from src\main\AndroidManifest.xml:1:11-69
uses-permission#android.permission.INTERNET
ADDED from src\main\AndroidManifest.xml:3:5-67
MERGED from [com.facebook.flipper:flipper:0.125.0] AndroidManifest.xml:15:5-67
MERGED from [com.facebook.flipper:flipper:0.125.0] AndroidManifest.xml:15:5-67
	android:name
		ADDED from src\main\AndroidManifest.xml:3:22-64
uses-permission#android.permission.CAMERA
ADDED from src\main\AndroidManifest.xml:4:5-65
	android:name
		ADDED from src\main\AndroidManifest.xml:4:22-62
uses-permission#android.permission.RECORD_AUDIO
ADDED from src\main\AndroidManifest.xml:5:5-71
	android:name
		ADDED from src\main\AndroidManifest.xml:5:22-68
uses-permission#android.permission.READ_EXTERNAL_STORAGE
ADDED from src\main\AndroidManifest.xml:6:5-80
	android:name
		ADDED from src\main\AndroidManifest.xml:6:22-77
uses-permission#android.permission.WRITE_EXTERNAL_STORAGE
ADDED from src\main\AndroidManifest.xml:7:5-81
	android:name
		ADDED from src\main\AndroidManifest.xml:7:22-78
uses-permission#android.permission.ACCESS_FINE_LOCATION
ADDED from src\main\AndroidManifest.xml:8:5-79
	android:name
		ADDED from src\main\AndroidManifest.xml:8:22-76
uses-permission#android.permission.ACCESS_COARSE_LOCATION
ADDED from src\main\AndroidManifest.xml:9:5-81
	android:name
		ADDED from src\main\AndroidManifest.xml:9:22-78
uses-permission#android.permission.VIBRATE
ADDED from src\main\AndroidManifest.xml:10:5-66
	android:name
		ADDED from src\main\AndroidManifest.xml:10:22-63
uses-permission#android.permission.USE_FINGERPRINT
ADDED from src\main\AndroidManifest.xml:11:5-74
	android:name
		ADDED from src\main\AndroidManifest.xml:11:22-71
uses-permission#android.permission.USE_BIOMETRIC
ADDED from src\main\AndroidManifest.xml:12:5-72
	android:name
		ADDED from src\main\AndroidManifest.xml:12:22-69
application
ADDED from src\main\AndroidManifest.xml:14:5-33:19
MERGED from [com.facebook.soloader:soloader:0.10.5] AndroidManifest.xml:11:5-15:19
MERGED from [com.facebook.soloader:soloader:0.10.5] AndroidManifest.xml:11:5-15:19
MERGED from [androidx.emoji2:emoji2:1.0.0] AndroidManifest.xml:25:5-35:19
MERGED from [androidx.emoji2:emoji2:1.0.0] AndroidManifest.xml:25:5-35:19
MERGED from [androidx.lifecycle:lifecycle-process:2.4.0] AndroidManifest.xml:25:5-35:19
MERGED from [androidx.lifecycle:lifecycle-process:2.4.0] AndroidManifest.xml:25:5-35:19
MERGED from [androidx.startup:startup-runtime:1.0.0] AndroidManifest.xml:25:5-31:19
MERGED from [androidx.startup:startup-runtime:1.0.0] AndroidManifest.xml:25:5-31:19
MERGED from [androidx.core:core:1.7.0] AndroidManifest.xml:24:5-89
MERGED from [androidx.core:core:1.7.0] AndroidManifest.xml:24:5-89
MERGED from [androidx.versionedparcelable:versionedparcelable:1.1.1] AndroidManifest.xml:24:5-25:19
MERGED from [androidx.versionedparcelable:versionedparcelable:1.1.1] AndroidManifest.xml:24:5-25:19
	android:appComponentFactory
		ADDED from [androidx.core:core:1.7.0] AndroidManifest.xml:24:18-86
	android:label
		ADDED from src\main\AndroidManifest.xml:16:7-39
	android:roundIcon
		ADDED from src\main\AndroidManifest.xml:18:7-52
	android:icon
		ADDED from src\main\AndroidManifest.xml:17:7-41
	android:allowBackup
		ADDED from src\main\AndroidManifest.xml:19:7-34
	android:theme
		ADDED from src\main\AndroidManifest.xml:20:7-38
	android:name
		ADDED from src\main\AndroidManifest.xml:15:7-38
activity#com.stillmemobile.MainActivity
ADDED from src\main\AndroidManifest.xml:21:7-32:18
	android:label
		ADDED from src\main\AndroidManifest.xml:23:9-41
	android:launchMode
		ADDED from src\main\AndroidManifest.xml:25:9-40
	android:windowSoftInputMode
		ADDED from src\main\AndroidManifest.xml:26:9-51
	android:exported
		ADDED from src\main\AndroidManifest.xml:27:9-32
	android:configChanges
		ADDED from src\main\AndroidManifest.xml:24:9-118
	android:name
		ADDED from src\main\AndroidManifest.xml:22:9-37
intent-filter#action:name:android.intent.action.MAIN+category:name:android.intent.category.LAUNCHER
ADDED from src\main\AndroidManifest.xml:28:9-31:25
action#android.intent.action.MAIN
ADDED from src\main\AndroidManifest.xml:29:13-65
	android:name
		ADDED from src\main\AndroidManifest.xml:29:21-62
category#android.intent.category.LAUNCHER
ADDED from src\main\AndroidManifest.xml:30:13-73
	android:name
		ADDED from src\main\AndroidManifest.xml:30:23-70
uses-sdk
INJECTED from src\main\AndroidManifest.xml reason: use-sdk injection requested
INJECTED from src\main\AndroidManifest.xml
INJECTED from src\main\AndroidManifest.xml
MERGED from [com.facebook.flipper:flipper-network-plugin:0.125.0] AndroidManifest.xml:11:5-13:41
MERGED from [com.facebook.flipper:flipper-network-plugin:0.125.0] AndroidManifest.xml:11:5-13:41
MERGED from [com.facebook.flipper:flipper-fresco-plugin:0.125.0] AndroidManifest.xml:11:5-13:41
MERGED from [com.facebook.flipper:flipper-fresco-plugin:0.125.0] AndroidManifest.xml:11:5-13:41
MERGED from [com.facebook.flipper:flipper:0.125.0] AndroidManifest.xml:11:5-13:41
MERGED from [com.facebook.flipper:flipper:0.125.0] AndroidManifest.xml:11:5-13:41
MERGED from [com.facebook.react:react-android:0.72.7] AndroidManifest.xml:5:5-44
MERGED from [com.facebook.react:react-android:0.72.7] AndroidManifest.xml:5:5-44
MERGED from [androidx.swiperefreshlayout:swiperefreshlayout:1.0.0] AndroidManifest.xml:20:5-44
MERGED from [androidx.swiperefreshlayout:swiperefreshlayout:1.0.0] AndroidManifest.xml:20:5-44
MERGED from [com.facebook.react:hermes-android:0.72.7] AndroidManifest.xml:5:5-44
MERGED from [com.facebook.react:hermes-android:0.72.7] AndroidManifest.xml:5:5-44
MERGED from [com.facebook.fbjni:fbjni:0.3.0] AndroidManifest.xml:5:5-7:41
MERGED from [com.facebook.fbjni:fbjni:0.3.0] AndroidManifest.xml:5:5-7:41
MERGED from [com.facebook.fresco:flipper:2.6.0] AndroidManifest.xml:5:5-7:41
MERGED from [com.facebook.fresco:flipper:2.6.0] AndroidManifest.xml:5:5-7:41
MERGED from [com.facebook.fresco:stetho:2.6.0] AndroidManifest.xml:5:5-7:41
MERGED from [com.facebook.fresco:stetho:2.6.0] AndroidManifest.xml:5:5-7:41
MERGED from [com.facebook.fresco:fresco:2.6.0] AndroidManifest.xml:5:5-7:41
MERGED from [com.facebook.fresco:fresco:2.6.0] AndroidManifest.xml:5:5-7:41
MERGED from [com.facebook.fresco:soloader:2.6.0] AndroidManifest.xml:5:5-7:41
MERGED from [com.facebook.fresco:soloader:2.6.0] AndroidManifest.xml:5:5-7:41
MERGED from [com.facebook.fresco:imagepipeline-okhttp3:2.5.0] AndroidManifest.xml:5:5-7:41
MERGED from [com.facebook.fresco:imagepipeline-okhttp3:2.5.0] AndroidManifest.xml:5:5-7:41
MERGED from [com.facebook.fresco:drawee:2.6.0] AndroidManifest.xml:5:5-7:41
MERGED from [com.facebook.fresco:drawee:2.6.0] AndroidManifest.xml:5:5-7:41
MERGED from [com.facebook.fresco:nativeimagefilters:2.6.0] AndroidManifest.xml:5:5-7:41
MERGED from [com.facebook.fresco:nativeimagefilters:2.6.0] AndroidManifest.xml:5:5-7:41
MERGED from [com.facebook.fresco:memory-type-native:2.6.0] AndroidManifest.xml:5:5-7:41
MERGED from [com.facebook.fresco:memory-type-native:2.6.0] AndroidManifest.xml:5:5-7:41
MERGED from [com.facebook.fresco:memory-type-java:2.6.0] AndroidManifest.xml:5:5-7:41
MERGED from [com.facebook.fresco:memory-type-java:2.6.0] AndroidManifest.xml:5:5-7:41
MERGED from [com.facebook.fresco:imagepipeline-native:2.6.0] AndroidManifest.xml:5:5-7:41
MERGED from [com.facebook.fresco:imagepipeline-native:2.6.0] AndroidManifest.xml:5:5-7:41
MERGED from [com.facebook.soloader:soloader:0.10.5] AndroidManifest.xml:7:5-9:41
MERGED from [com.facebook.soloader:soloader:0.10.5] AndroidManifest.xml:7:5-9:41
MERGED from [com.facebook.fresco:memory-type-ashmem:2.6.0] AndroidManifest.xml:5:5-7:41
MERGED from [com.facebook.fresco:memory-type-ashmem:2.6.0] AndroidManifest.xml:5:5-7:41
MERGED from [com.facebook.fresco:imagepipeline:2.6.0] AndroidManifest.xml:5:5-7:41
MERGED from [com.facebook.fresco:imagepipeline:2.6.0] AndroidManifest.xml:5:5-7:41
MERGED from [com.facebook.fresco:nativeimagetranscoder:2.6.0] AndroidManifest.xml:5:5-7:41
MERGED from [com.facebook.fresco:nativeimagetranscoder:2.6.0] AndroidManifest.xml:5:5-7:41
MERGED from [com.facebook.fresco:imagepipeline-base:2.6.0] AndroidManifest.xml:5:5-7:41
MERGED from [com.facebook.fresco:imagepipeline-base:2.6.0] AndroidManifest.xml:5:5-7:41
MERGED from [androidx.appcompat:appcompat:1.4.1] AndroidManifest.xml:20:5-22:41
MERGED from [androidx.appcompat:appcompat:1.4.1] AndroidManifest.xml:20:5-22:41
MERGED from [androidx.sqlite:sqlite-framework:2.1.0] AndroidManifest.xml:20:5-22:41
MERGED from [androidx.sqlite:sqlite-framework:2.1.0] AndroidManifest.xml:20:5-22:41
MERGED from [androidx.appcompat:appcompat-resources:1.4.1] AndroidManifest.xml:20:5-22:41
MERGED from [androidx.appcompat:appcompat-resources:1.4.1] AndroidManifest.xml:20:5-22:41
MERGED from [androidx.autofill:autofill:1.1.0] AndroidManifest.xml:20:5-22:41
MERGED from [androidx.autofill:autofill:1.1.0] AndroidManifest.xml:20:5-22:41
MERGED from [androidx.fragment:fragment:1.3.6] AndroidManifest.xml:20:5-22:41
MERGED from [androidx.fragment:fragment:1.3.6] AndroidManifest.xml:20:5-22:41
MERGED from [androidx.activity:activity:1.2.4] AndroidManifest.xml:20:5-22:41
MERGED from [androidx.activity:activity:1.2.4] AndroidManifest.xml:20:5-22:41
MERGED from [androidx.emoji2:emoji2-views-helper:1.0.0] AndroidManifest.xml:20:5-22:41
MERGED from [androidx.emoji2:emoji2-views-helper:1.0.0] AndroidManifest.xml:20:5-22:41
MERGED from [androidx.emoji2:emoji2:1.0.0] AndroidManifest.xml:21:5-23:41
MERGED from [androidx.emoji2:emoji2:1.0.0] AndroidManifest.xml:21:5-23:41
MERGED from [androidx.lifecycle:lifecycle-process:2.4.0] AndroidManifest.xml:21:5-23:41
MERGED from [androidx.lifecycle:lifecycle-process:2.4.0] AndroidManifest.xml:21:5-23:41
MERGED from [androidx.startup:startup-runtime:1.0.0] AndroidManifest.xml:21:5-23:41
MERGED from [androidx.startup:startup-runtime:1.0.0] AndroidManifest.xml:21:5-23:41
MERGED from [androidx.tracing:tracing:1.1.0] AndroidManifest.xml:20:5-22:41
MERGED from [androidx.tracing:tracing:1.1.0] AndroidManifest.xml:20:5-22:41
MERGED from [com.facebook.fresco:middleware:2.6.0] AndroidManifest.xml:5:5-7:41
MERGED from [com.facebook.fresco:middleware:2.6.0] AndroidManifest.xml:5:5-7:41
MERGED from [com.facebook.fresco:ui-common:2.6.0] AndroidManifest.xml:5:5-7:41
MERGED from [com.facebook.fresco:ui-common:2.6.0] AndroidManifest.xml:5:5-7:41
MERGED from [androidx.vectordrawable:vectordrawable-animated:1.1.0] AndroidManifest.xml:20:5-22:41
MERGED from [androidx.vectordrawable:vectordrawable-animated:1.1.0] AndroidManifest.xml:20:5-22:41
MERGED from [androidx.interpolator:interpolator:1.0.0] AndroidManifest.xml:20:5-44
MERGED from [androidx.interpolator:interpolator:1.0.0] AndroidManifest.xml:20:5-44
MERGED from [androidx.sqlite:sqlite:2.1.0] AndroidManifest.xml:20:5-22:41
MERGED from [androidx.sqlite:sqlite:2.1.0] AndroidManifest.xml:20:5-22:41
MERGED from [androidx.drawerlayout:drawerlayout:1.0.0] AndroidManifest.xml:20:5-44
MERGED from [androidx.drawerlayout:drawerlayout:1.0.0] AndroidManifest.xml:20:5-44
MERGED from [androidx.vectordrawable:vectordrawable:1.1.0] AndroidManifest.xml:20:5-22:41
MERGED from [androidx.vectordrawable:vectordrawable:1.1.0] AndroidManifest.xml:20:5-22:41
MERGED from [androidx.viewpager:viewpager:1.0.0] AndroidManifest.xml:20:5-44
MERGED from [androidx.viewpager:viewpager:1.0.0] AndroidManifest.xml:20:5-44
MERGED from [androidx.loader:loader:1.0.0] AndroidManifest.xml:20:5-44
MERGED from [androidx.loader:loader:1.0.0] AndroidManifest.xml:20:5-44
MERGED from [androidx.customview:customview:1.0.0] AndroidManifest.xml:20:5-44
MERGED from [androidx.customview:customview:1.0.0] AndroidManifest.xml:20:5-44
MERGED from [androidx.core:core:1.7.0] AndroidManifest.xml:20:5-22:41
MERGED from [androidx.core:core:1.7.0] AndroidManifest.xml:20:5-22:41
MERGED from [androidx.cursoradapter:cursoradapter:1.0.0] AndroidManifest.xml:20:5-44
MERGED from [androidx.cursoradapter:cursoradapter:1.0.0] AndroidManifest.xml:20:5-44
MERGED from [androidx.lifecycle:lifecycle-viewmodel-savedstate:2.3.1] AndroidManifest.xml:20:5-22:41
MERGED from [androidx.lifecycle:lifecycle-viewmodel-savedstate:2.3.1] AndroidManifest.xml:20:5-22:41
MERGED from [androidx.savedstate:savedstate:1.1.0] AndroidManifest.xml:20:5-22:41
MERGED from [androidx.savedstate:savedstate:1.1.0] AndroidManifest.xml:20:5-22:41
MERGED from [androidx.lifecycle:lifecycle-viewmodel:2.3.1] AndroidManifest.xml:20:5-22:41
MERGED from [androidx.lifecycle:lifecycle-viewmodel:2.3.1] AndroidManifest.xml:20:5-22:41
MERGED from [androidx.versionedparcelable:versionedparcelable:1.1.1] AndroidManifest.xml:20:5-22:41
MERGED from [androidx.versionedparcelable:versionedparcelable:1.1.1] AndroidManifest.xml:20:5-22:41
MERGED from [androidx.lifecycle:lifecycle-livedata:2.0.0] AndroidManifest.xml:20:5-44
MERGED from [androidx.lifecycle:lifecycle-livedata:2.0.0] AndroidManifest.xml:20:5-44
MERGED from [androidx.lifecycle:lifecycle-livedata-core:2.3.1] AndroidManifest.xml:20:5-22:41
MERGED from [androidx.lifecycle:lifecycle-livedata-core:2.3.1] AndroidManifest.xml:20:5-22:41
MERGED from [androidx.lifecycle:lifecycle-runtime:2.4.0] AndroidManifest.xml:20:5-22:41
MERGED from [androidx.lifecycle:lifecycle-runtime:2.4.0] AndroidManifest.xml:20:5-22:41
MERGED from [androidx.arch.core:core-runtime:2.1.0] AndroidManifest.xml:20:5-22:41
MERGED from [androidx.arch.core:core-runtime:2.1.0] AndroidManifest.xml:20:5-22:41
MERGED from [com.facebook.fresco:fbcore:2.6.0] AndroidManifest.xml:5:5-7:41
MERGED from [com.facebook.fresco:fbcore:2.6.0] AndroidManifest.xml:5:5-7:41
MERGED from [androidx.annotation:annotation-experimental:1.1.0] AndroidManifest.xml:20:5-22:41
MERGED from [androidx.annotation:annotation-experimental:1.1.0] AndroidManifest.xml:20:5-22:41
INJECTED from src\main\AndroidManifest.xml
INJECTED from src\main\AndroidManifest.xml
	android:targetSdkVersion
		INJECTED from src\main\AndroidManifest.xml
		ADDED from src\main\AndroidManifest.xml
		INJECTED from src\main\AndroidManifest.xml
	android:minSdkVersion
		INJECTED from src\main\AndroidManifest.xml
		ADDED from src\main\AndroidManifest.xml
		INJECTED from src\main\AndroidManifest.xml
uses-permission#android.permission.ACCESS_WIFI_STATE
ADDED from [com.facebook.flipper:flipper:0.125.0] AndroidManifest.xml:16:5-76
	android:name
		ADDED from [com.facebook.flipper:flipper:0.125.0] AndroidManifest.xml:16:22-73
meta-data#com.facebook.soloader.enabled
ADDED from [com.facebook.soloader:soloader:0.10.5] AndroidManifest.xml:12:9-14:37
	android:value
		ADDED from [com.facebook.soloader:soloader:0.10.5] AndroidManifest.xml:14:13-34
	android:name
		ADDED from [com.facebook.soloader:soloader:0.10.5] AndroidManifest.xml:13:13-57
provider#androidx.startup.InitializationProvider
ADDED from [androidx.emoji2:emoji2:1.0.0] AndroidManifest.xml:26:9-34:20
MERGED from [androidx.lifecycle:lifecycle-process:2.4.0] AndroidManifest.xml:26:9-34:20
MERGED from [androidx.lifecycle:lifecycle-process:2.4.0] AndroidManifest.xml:26:9-34:20
MERGED from [androidx.startup:startup-runtime:1.0.0] AndroidManifest.xml:26:9-30:34
MERGED from [androidx.startup:startup-runtime:1.0.0] AndroidManifest.xml:26:9-30:34
	tools:node
		ADDED from [androidx.emoji2:emoji2:1.0.0] AndroidManifest.xml:30:13-31
	android:authorities
		ADDED from [androidx.emoji2:emoji2:1.0.0] AndroidManifest.xml:28:13-68
	android:exported
		ADDED from [androidx.emoji2:emoji2:1.0.0] AndroidManifest.xml:29:13-37
	android:name
		ADDED from [androidx.emoji2:emoji2:1.0.0] AndroidManifest.xml:27:13-67
meta-data#androidx.emoji2.text.EmojiCompatInitializer
ADDED from [androidx.emoji2:emoji2:1.0.0] AndroidManifest.xml:31:13-33:52
	android:value
		ADDED from [androidx.emoji2:emoji2:1.0.0] AndroidManifest.xml:33:17-49
	android:name
		ADDED from [androidx.emoji2:emoji2:1.0.0] AndroidManifest.xml:32:17-75
meta-data#androidx.lifecycle.ProcessLifecycleInitializer
ADDED from [androidx.lifecycle:lifecycle-process:2.4.0] AndroidManifest.xml:31:13-33:52
	android:value
		ADDED from [androidx.lifecycle:lifecycle-process:2.4.0] AndroidManifest.xml:33:17-49
	android:name
		ADDED from [androidx.lifecycle:lifecycle-process:2.4.0] AndroidManifest.xml:32:17-78